<?xml version="1.0" encoding="UTF-8"?>
<robot generator="Robot 3.2.2 (Python 3.8.2 on win32)" generated="20201007 14:43:15.620" rpa="false">
<suite id="s1" name="Adv3Search" source="F:\Python\RobotFrameworkDemo\Tests\eBay\Adv3Search.robot">
<test id="s1-t1" name="Verify basic search funcationality for eBay">
<kw name="Start TestCase" library="CommonFunctionality" type="setup">
<kw name="Open Browser" library="SeleniumLibrary">
<doc>Opens a new browser instance to the optional ``url``.</doc>
<arguments>
<arg>https://www.ebay.com</arg>
<arg>${browser}</arg>
</arguments>
<msg timestamp="20201007 14:43:15.902" level="INFO">Opening browser 'Chrome' to base url 'https://www.ebay.com'.</msg>
<status status="PASS" starttime="20201007 14:43:15.901" endtime="20201007 14:43:21.175"></status>
</kw>
<kw name="Maximize Browser Window" library="SeleniumLibrary">
<doc>Maximizes current browser window.</doc>
<status status="PASS" starttime="20201007 14:43:21.176" endtime="20201007 14:43:23.560"></status>
</kw>
<status status="PASS" starttime="20201007 14:43:15.900" endtime="20201007 14:43:23.561"></status>
</kw>
<kw name="Verify Saerch Results" library="eBay_UserDefineKeywords">
<kw name="Input Text" library="SeleniumLibrary">
<doc>Types the given ``text`` into the text field identified by ``locator``.</doc>
<arguments>
<arg>xpath = //*[@id="gh-ac"]</arg>
<arg>${search_text}</arg>
</arguments>
<msg timestamp="20201007 14:43:23.564" level="INFO">Typing text 'mobile' into text field 'xpath = //*[@id="gh-ac"]'.</msg>
<status status="PASS" starttime="20201007 14:43:23.563" endtime="20201007 14:43:23.761"></status>
</kw>
<kw name="Press Keys" library="SeleniumLibrary">
<doc>Simulates the user pressing key(s) to an element or on the active browser.</doc>
<arguments>
<arg>xpath = //*[@id="gh-btn"]</arg>
<arg>[Return]</arg>
</arguments>
<msg timestamp="20201007 14:43:23.762" level="INFO">Sending key(s) ('[Return]',) to xpath = //*[@id="gh-btn"] element.</msg>
<msg timestamp="20201007 14:43:26.123" level="INFO">Sending keys [Return]</msg>
<status status="PASS" starttime="20201007 14:43:23.762" endtime="20201007 14:43:26.190"></status>
</kw>
<kw name="Wait Until Page Contains Element" library="SeleniumLibrary">
<doc>Waits until the element ``locator`` appears on the current page.</doc>
<arguments>
<arg>//*[@id="s0-14-11-6-3-query_answer1-answer-2-1-0-list"]/li[4]/div/h3</arg>
</arguments>
<kw name="Capture Page Screenshot" library="SeleniumLibrary">
<doc>Takes a screenshot of the current page and embeds it into a log file.</doc>
<msg timestamp="20201007 14:43:31.983" level="INFO" html="yes">&lt;/td&gt;&lt;/tr&gt;&lt;tr&gt;&lt;td colspan="3"&gt;&lt;a href="selenium-screenshot-9.png"&gt;&lt;img src="selenium-screenshot-9.png" width="800px"&gt;&lt;/a&gt;</msg>
<status status="PASS" starttime="20201007 14:43:31.283" endtime="20201007 14:43:31.984"></status>
</kw>
<msg timestamp="20201007 14:43:32.090" level="FAIL">Element '//*[@id="s0-14-11-6-3-query_answer1-answer-2-1-0-list"]/li[4]/div/h3' did not appear in 5 seconds.</msg>
<status status="FAIL" starttime="20201007 14:43:26.190" endtime="20201007 14:43:32.090"></status>
</kw>
<status status="FAIL" starttime="20201007 14:43:23.562" endtime="20201007 14:43:32.091"></status>
</kw>
<kw name="Finsh TestCase" library="CommonFunctionality" type="teardown">
<kw name="Close Browser" library="SeleniumLibrary">
<doc>Closes the current browser.</doc>
<status status="PASS" starttime="20201007 14:43:32.093" endtime="20201007 14:43:34.315"></status>
</kw>
<status status="PASS" starttime="20201007 14:43:32.092" endtime="20201007 14:43:34.316"></status>
</kw>
<doc>This test case verify the basic search</doc>
<tags>
<tag>Function</tag>
</tags>
<status status="FAIL" starttime="20201007 14:43:15.900" endtime="20201007 14:43:34.317" critical="yes">Element '//*[@id="s0-14-11-6-3-query_answer1-answer-2-1-0-list"]/li[4]/div/h3' did not appear in 5 seconds.</status>
</test>
<doc>ebay Selenium Soluction</doc>
<status status="FAIL" starttime="20201007 14:43:15.622" endtime="20201007 14:43:34.323"></status>
</suite>
<statistics>
<total>
<stat pass="0" fail="1">Critical Tests</stat>
<stat pass="0" fail="1">All Tests</stat>
</total>
<tag>
<stat pass="0" fail="1">Function</stat>
</tag>
<suite>
<stat pass="0" fail="1" id="s1" name="Adv3Search">Adv3Search</stat>
</suite>
</statistics>
<errors>
<msg timestamp="20201007 14:43:15.651" level="ERROR">Error in file 'F:\Python\RobotFrameworkDemo\Resources\CommonFunctionality.robot' on line 7: Invalid variable name '${env} prod'.</msg>
</errors>
</robot>
