<?xml version="1.0" encoding="UTF-8"?>
<robot generator="Robot 3.2.2 (Python 3.8.2 on win32)" generated="20201007 00:01:27.568" rpa="false">
<suite id="s1" name="Adv2Search" source="F:\Python\RobotFrameworkDemo\Tests\eBay\Adv2Search.robot">
<test id="s1-t1" name="Verify basic search funcationality for eBay">
<kw name="Start TestCase" library="CommonFunctionality">
<kw name="Open Browser" library="SeleniumLibrary">
<doc>Opens a new browser instance to the optional ``url``.</doc>
<arguments>
<arg>https://www.ebay.com</arg>
<arg>Chrome</arg>
</arguments>
<msg timestamp="20201007 00:01:27.770" level="INFO">Opening browser 'Chrome' to base url 'https://www.ebay.com'.</msg>
<status status="PASS" starttime="20201007 00:01:27.770" endtime="20201007 00:01:33.331"></status>
</kw>
<kw name="Maximize Browser Window" library="SeleniumLibrary">
<doc>Maximizes current browser window.</doc>
<status status="PASS" starttime="20201007 00:01:33.331" endtime="20201007 00:01:35.491"></status>
</kw>
<status status="PASS" starttime="20201007 00:01:27.769" endtime="20201007 00:01:35.491"></status>
</kw>
<kw name="Verify Saerch Results" library="eBay_UserDefineKeywords">
<kw name="Input Text" library="SeleniumLibrary">
<doc>Types the given ``text`` into the text field identified by ``locator``.</doc>
<arguments>
<arg>xpath = //*[@id="gh-ac"]</arg>
<arg>Mobile</arg>
</arguments>
<msg timestamp="20201007 00:01:35.493" level="INFO">Typing text 'Mobile' into text field 'xpath = //*[@id="gh-ac"]'.</msg>
<status status="PASS" starttime="20201007 00:01:35.493" endtime="20201007 00:01:35.731"></status>
</kw>
<kw name="Press Keys" library="SeleniumLibrary">
<doc>Simulates the user pressing key(s) to an element or on the active browser.</doc>
<arguments>
<arg>xpath = //*[@id="gh-btn"]</arg>
<arg>[Return]</arg>
</arguments>
<msg timestamp="20201007 00:01:35.732" level="INFO">Sending key(s) ('[Return]',) to xpath = //*[@id="gh-btn"] element.</msg>
<msg timestamp="20201007 00:01:38.689" level="INFO">Sending keys [Return]</msg>
<status status="PASS" starttime="20201007 00:01:35.731" endtime="20201007 00:01:38.740"></status>
</kw>
<kw name="Wait Until Page Contains Element" library="SeleniumLibrary">
<doc>Waits until the element ``locator`` appears on the current page.</doc>
<arguments>
<arg>//*[@id="s0-14-11-6-3-query_answer1-answer-2-1-0-list"]/li[4]/div/h3</arg>
</arguments>
<status status="PASS" starttime="20201007 00:01:38.740" endtime="20201007 00:01:38.754"></status>
</kw>
<kw name="Page Should Contain" library="SeleniumLibrary">
<doc>Verifies that current page contains ``text``.</doc>
<arguments>
<arg>results for Mobile</arg>
</arguments>
<msg timestamp="20201007 00:01:38.774" level="INFO">Current page contains text 'results for Mobile'.</msg>
<status status="PASS" starttime="20201007 00:01:38.755" endtime="20201007 00:01:38.774"></status>
</kw>
<status status="PASS" starttime="20201007 00:01:35.492" endtime="20201007 00:01:38.774"></status>
</kw>
<kw name="Finsh TestCase" library="CommonFunctionality">
<kw name="Close Browser" library="SeleniumLibrary">
<doc>Closes the current browser.</doc>
<status status="PASS" starttime="20201007 00:01:38.775" endtime="20201007 00:01:40.976"></status>
</kw>
<status status="PASS" starttime="20201007 00:01:38.774" endtime="20201007 00:01:40.976"></status>
</kw>
<doc>This test case verify the basic search</doc>
<tags>
<tag>Function</tag>
</tags>
<status status="PASS" starttime="20201007 00:01:27.769" endtime="20201007 00:01:40.978" critical="yes"></status>
</test>
<doc>ebay Selenium Soluction</doc>
<status status="PASS" starttime="20201007 00:01:27.570" endtime="20201007 00:01:40.985"></status>
</suite>
<statistics>
<total>
<stat pass="1" fail="0">Critical Tests</stat>
<stat pass="1" fail="0">All Tests</stat>
</total>
<tag>
<stat pass="1" fail="0">Function</stat>
</tag>
<suite>
<stat pass="1" fail="0" id="s1" name="Adv2Search">Adv2Search</stat>
</suite>
</statistics>
<errors>
</errors>
</robot>
